<?xml version="1.0" encoding="UTF-8"?>
<testng-results ignored="0" total="1" passed="1" failed="0" skipped="0">
  <reporter-output>
  </reporter-output>
  <suite started-at="2023-06-09T14:57:24 IST" name="Default suite" finished-at="2023-06-09T14:58:33 IST" duration-ms="69155">
    <groups>
    </groups>
    <test started-at="2023-06-09T14:57:24 IST" name="Default test" finished-at="2023-06-09T14:58:33 IST" duration-ms="69155">
      <class name="playwrightproject.demos.HandleTab">
        <test-method signature="handleTabTest()[pri:0, instance:playwrightproject.demos.HandleTab@4de4b452]" started-at="2023-06-09T14:57:24 IST" name="handleTabTest" finished-at="2023-06-09T14:58:33 IST" duration-ms="69075" status="PASS">
          <reporter-output>
          </reporter-output>
        </test-method> <!-- handleTabTest -->
      </class> <!-- playwrightproject.demos.HandleTab -->
    </test> <!-- Default test -->
  </suite> <!-- Default suite -->
</testng-results>
