<?xml version="1.0" encoding="UTF-8"?>
<testng-results ignored="0" total="1" passed="1" failed="0" skipped="0">
  <reporter-output>
  </reporter-output>
  <suite started-at="2023-05-09T23:17:05 IST" name="Default suite" finished-at="2023-05-09T23:17:55 IST" duration-ms="49156">
    <groups>
    </groups>
    <test started-at="2023-05-09T23:17:05 IST" name="Default test" finished-at="2023-05-09T23:17:55 IST" duration-ms="49156">
      <class name="playwrightproject.demos.ShadowDomIframe">
        <test-method signature="testShadowDom()[pri:0, instance:playwrightproject.demos.ShadowDomIframe@37654521]" started-at="2023-05-09T23:17:05 IST" name="testShadowDom" finished-at="2023-05-09T23:17:55 IST" duration-ms="49119" status="PASS">
          <reporter-output>
          </reporter-output>
        </test-method> <!-- testShadowDom -->
      </class> <!-- playwrightproject.demos.ShadowDomIframe -->
    </test> <!-- Default test -->
  </suite> <!-- Default suite -->
</testng-results>
